
*************************************************************
 Geant4 version Name: geant4-10-02-patch-03    (27-January-2017)
                      Copyright : Geant4 Collaboration
                      Reference : NIM A 506 (2003), 250-303
                            WWW : http://cern.ch/geant4
*************************************************************

GDML file name = YieldCurve.gdml
G4GDML: Reading 'YieldCurve.gdml'...
G4GDML: Reading definitions...
G4GDML: Reading materials...
G4GDML: Reading solids...
G4GDML: Reading structure...
Calling SEMGDMLReader::VolumeRead
G4GDML: Reading module 'BulkSample.gdml'...
G4GDML: Reading definitions...
G4GDML: Reading materials...
G4Material WARNING: duplicate name of material Galactic
G4Material WARNING: duplicate name of material BlackHole
G4Material WARNING: duplicate name of material Silver
G4Material WARNING: duplicate name of material Aluminum
G4Material WARNING: duplicate name of material Oxygen
G4Material WARNING: duplicate name of material Gold
G4Material WARNING: duplicate name of material GalacticGold
G4Material WARNING: duplicate name of material Epoxy
G4Material WARNING: duplicate name of material BioGold
G4Material WARNING: duplicate name of material Diamond
G4Material WARNING: duplicate name of material GlassyCarbon
G4Material WARNING: duplicate name of material Graphite
G4Material WARNING: duplicate name of material Chromium
G4Material WARNING: duplicate name of material Copper
G4Material WARNING: duplicate name of material Germanium
G4Material WARNING: duplicate name of material Iron
G4Material WARNING: duplicate name of material Molybdenum
G4Material WARNING: duplicate name of material Hydrogengas
G4Material WARNING: duplicate name of material Nickel
G4Material WARNING: duplicate name of material Nitrogen
G4Material WARNING: duplicate name of material Platinum
G4Material WARNING: duplicate name of material Silicon
G4Material WARNING: duplicate name of material Tin
G4Material WARNING: duplicate name of material Tantalum
G4Material WARNING: duplicate name of material Titanium
G4Material WARNING: duplicate name of material Tungsten
G4Material WARNING: duplicate name of material Backgroundgas
G4Material WARNING: duplicate name of material Alumina
G4Material WARNING: duplicate name of material AluminumArsenide
G4Material WARNING: duplicate name of material AluminumNitride
G4Material WARNING: duplicate name of material GalliumArsenide
G4Material WARNING: duplicate name of material GalliumNitride
G4Material WARNING: duplicate name of material IndiumArsenide
G4Material WARNING: duplicate name of material MagnesiumOxide
G4Material WARNING: duplicate name of material NickelSilicide
G4Material WARNING: duplicate name of material PMMA
G4Material WARNING: duplicate name of material Polyimide
G4Material WARNING: duplicate name of material SiliconCarbide
G4Material WARNING: duplicate name of material lowdensSiC
G4Material WARNING: duplicate name of material SiliconNitride
G4Material WARNING: duplicate name of material Silicon7Nitride7amorphous
G4Material WARNING: duplicate name of material Silicon7Nitride7homogeneous
G4Material WARNING: duplicate name of material Silicon7Nitride7cluster
G4Material WARNING: duplicate name of material SiliconOxide
G4Material WARNING: duplicate name of material lowk
G4Material WARNING: duplicate name of material lowk2
G4Material WARNING: duplicate name of material PdopedSiliconOxide
G4Material WARNING: duplicate name of material TantalumNitride
G4Material WARNING: duplicate name of material TitaniumOxide
G4Material WARNING: duplicate name of material Water
G4Material WARNING: duplicate name of material Watervapor
G4GDML: Reading solids...
G4GDML: Reading structure...
G4GDML: Reading setup...
G4GDML: Reading module 'BulkSample.gdml' done!
Exiting SEMGDMLReader::VolumeRead
G4GDML: Reading GDML extension...
SEMGDML: Reading detectors ...
SEMGDML: Reading detector...
Number of stored detectors = 0
SEMGDML: Reading detector...
Number of stored detectors = 1
SEMGDML: Reading detector...
Number of stored detectors = 2
G4GDML: Reading setup...
G4GDML: Reading 'YieldCurve.gdml' done!
Stripping off GDML names of materials, solids and volumes ...
Calling CADPhysicsPhysicsList. Version December 2007.
- Includes Rutherford scattering model above 30keV. September 2010.
Name of planar detector stored = #PlaneR#
Name of planar detector stored = #PlaneT#
Name of planar detector stored = #Sample#

The geometrical trees defined are : 

LogWorld_PV[0] LogWorld 1 Galactic Atom density = 0.0596848 1/cm3 
  samplecontainer_PV[0] samplecontainer 3 Galactic Atom density = 0.0596848 1/cm3 
    LogSample_PV[0] LogSample 0 BlackHole Atom density = 0.0596848 1/cm3  /Sample
    LogPlaneR_PV[0] LogPlaneR 0 Galactic Atom density = 0.0596848 1/cm3  /PlaneR
    LogPlaneT_PV[0] LogPlaneT 0 Galactic Atom density = 0.0596848 1/cm3  /PlaneT
 G4Transportation constructor> set fShortStepOptimisation to false
Visualization Manager instantiating with verbosity "warnings (3)"...
Visualization Manager initialising...
Registering graphics systems...

You have successfully registered the following graphics systems.
Current available graphics systems are:
ASCIITree (ATree)
DAWNFILE (DAWNFILE)
G4HepRep (HepRepXML)
G4HepRepFile (HepRepFile)
RayTracer (RayTracer)
VRML1FILE (VRML1FILE)
VRML2FILE (VRML2FILE)

Registering model factories...

You have successfully registered the following model factories.
Registered model factories:
  generic
  drawByCharge
  drawByParticleID
  drawByOriginVolume
  drawByAttribute

Registered filter factories:
  chargeFilter
  particleFilter
  originVolumeFilter
  attributeFilter

You have successfully registered the following user vis actions.
Run Duration User Vis Actions: none
End of Event User Vis Actions: none
End of Run User Vis Actions: none

Some /vis commands (optionally) take a string to specify colour.
Available colours:
  black, blue, brown, cyan, gray, green, grey, magenta, red, white, yellow

Random number generator seeded with 1542377359
/run/verbose 1
/gps/verbose 0
/tracking/verbose 0
/process/inactivate kill
/run/physicsModified
/process/em/deexcitation "World" true true true
/run/physicsModified
/process/em/fluo true
/run/physicsModified
/process/em/auger true
/run/physicsModified
/process/em/pixe true
/run/physicsModified
/run/initialize
/control/execute mac/Pointsource.mac
/gps/particle e-
/gps/pos/type Point
/gps/pos/shape Circle
/gps/pos/rot1 1.0 0.0 0.0
/gps/pos/rot2 0.0 1.0 0.0
/gps/pos/radius 0.0 mm
/gps/ang/type planar
/gps/direction 0.0 0.001 -0.999
/gps/number 1
/detectors/verbose 10000
/detectors/PlaneR/directional true
/detectors/PlaneR/direction 0.0 0.0 1.0
/detectors/PlaneT/directional true
/detectors/PlaneT/direction 0.0 0.0 -1.0
/detectors/PlaneR/multipleHits false
/detectors/PlaneT/multipleHits false
/detectors/Sample/multipleHits true
/gps/pos/centre 0.0 0.0 0.00001 mm
/detectors/setmaterial LogSample Alumina
Material of volume LogSample set to Alumina
New geometrical tree: 
LogWorld_PV[0] LogWorld 1 Galactic Atom density = 0.0596848 1/cm3 
  samplecontainer_PV[0] samplecontainer 3 Galactic Atom density = 0.0596848 1/cm3 
    LogSample_PV[0] LogSample 0 Alumina Atom density = 1.17537e+23 1/cm3  /Sample
    LogPlaneR_PV[0] LogPlaneR 0 Galactic Atom density = 0.0596848 1/cm3  /PlaneR
    LogPlaneT_PV[0] LogPlaneT 0 Galactic Atom density = 0.0596848 1/cm3  /PlaneT
/control/foreach mac/energy.mac energy 1250
/gps/energy 1250 eV
/run/beamOn 500

### ===  Deexcitation model UAtomDeexcitation is activated for 2 regions:
          DefaultRegionForTheWorld

### === G4UAtomicDeexcitation::InitialiseForNewRun()
### ===  PIXE model for hadrons: Empirical
### ===  PIXE model for e+-:     Livermore

phot:   for  gamma    SubType= 12  BuildTable= 0
      LambdaPrime table from 200 keV to 10 TeV in 54 bins 
      ===== EM models for the G4Region  DefaultRegionForTheWorld ======
        PenPhotoElec :  Emin=        0 eV    Emax=       10 TeV  FluoActive

compt:   for  gamma    SubType= 13  BuildTable= 1
      Lambda table from 100 eV  to 1 MeV, 7 bins per decade, spline: 1
      LambdaPrime table from 1 MeV to 10 TeV in 49 bins 
      ===== EM models for the G4Region  DefaultRegionForTheWorld ======
          PenCompton :  Emin=        0 eV    Emax=       10 TeV  FluoActive

conv:   for  gamma    SubType= 14  BuildTable= 1
      Lambda table from 1.022 MeV to 10 TeV, 20 bins per decade, spline: 1
      ===== EM models for the G4Region  DefaultRegionForTheWorld ======
       PenConversion :  Emin=        0 eV    Emax=       80 GeV
     BetheHeitlerLPM :  Emin=       80 GeV   Emax=       10 TeV

Rayl:   for  gamma    SubType= 11  BuildTable= 1
      Lambda table from 100 eV  to 100 keV, 7 bins per decade, spline: 0
      LambdaPrime table from 100 keV to 10 TeV in 56 bins 
      ===== EM models for the G4Region  DefaultRegionForTheWorld ======
         PenRayleigh :  Emin=        0 eV    Emax=      100 GeV
CADPhysicsSingleScattering::BuildPhysicsTable() for ssc and particle e-
CADPhysicsDI: Start BuildPhysicsTable
CADPhysicsDI: Start BuildEnrange
CADPhysicsDI: Start Material Galactic
CADPhysicsDI: Calculate cross sections for Galactic
CADPhysicsDI: Using df file: /usr/local/share/CAD/df/df_Galactic.dat
CADPhysicsDI: Start Material Alumina
CADPhysicsDI: Calculate cross sections for Alumina
CADPhysicsDI: Using df file: /usr/local/share/CAD/df/df_Al2O3.dat
Failed to create isotope ion with Z=1 and A=1
Failed to create isotope ion with Z=1 and A=2

LowEnergyIoni:  Total cross sections from EEDL database.
      Gamma energy sampled from a parametrised formula.
      Implementation of the continuous dE/dx part.
      At present it can be used for electrons in the energy range [250eV,100GeV].
      The process must work with G4LowEnergyBremsstrahlung.

LowEnBrem:  Total cross sections from EEDL database.
      Gamma energy sampled from a parameterised formula.
      Implementation of the continuous dE/dx part.
      At present it can be used for electrons in the energy range [250eV,100GeV].
      The process must work with G4LowEnergyIonisation.

========= Table of registered couples ==============================

Index : 0     used in the geometry : Yes
 Material : Galactic
 Range cuts        :  gamma  0 fm     e-  0 fm     e+  0 fm  proton 0 fm 
 Energy thresholds :  gamma  250 eV     e-  250 eV     e+  250 eV  proton -1 MeV
 Region(s) which use this couple : 
    DefaultRegionForTheWorld

Index : 1     used in the geometry : Yes
 Material : Alumina
 Range cuts        :  gamma  0 fm     e-  0 fm     e+  0 fm  proton 0 fm 
 Energy thresholds :  gamma  250 eV     e-  250 eV     e+  250 eV  proton -1 MeV
 Region(s) which use this couple : 
    DefaultRegionForTheWorld

====================================================================

### Run 0 starts.
Event 0
 Run terminated.
Run Summary
  Number of events processed : 500
  User=8.38s Real=8.52s Sys=0.13s
Energy deposited in detector Sample = 537563.4234 eV
/detectors/PlaneR/outputCounts results/YieldR_Alumina.dat
Detector counts written to file results/YieldR_Alumina.dat
/detectors/PlaneT/outputCounts results/YieldT_Alumina.dat
Detector counts written to file results/YieldT_Alumina.dat
/detectors/PlaneR/outputHits results/EmissionR_Alumina_1250eV.dat
Detector hits written to file results/EmissionR_Alumina_1250eV.dat
/detectors/PlaneT/outputHits results/EmissionT_Alumina_1250eV.dat
Detector hits written to file results/EmissionT_Alumina_1250eV.dat
/detectors/Sample/outputHits results/EmissionSample_Alumina_1250.dat
Detector hits written to file results/EmissionSample_Alumina_1250.dat
Graphics systems deleted.
Visualization Manager deleting...
G4 kernel has come to Quit state.
================== Deleting memory pools ===================
Number of memory pools allocated: 15; of which, static: 4
Dynamic pools deleted: 11 / Total memory freed: 0.7 MB
============================================================
RunManagerKernel is deleted. Good bye :)
